/python/anaconda3/envs/cudapytorch/bin/python
Files already downloaded and verified
  dog   dog   cat  frog
[1,  1250] loss: 2.039
[1,  2500] loss: 1.800
[1,  3750] loss: 1.729
[1,  5000] loss: 1.642
[1,  6250] loss: 1.587
[1,  7500] loss: 1.586
[1,  8750] loss: 1.558
[1, 10000] loss: 1.548
[1, 11250] loss: 1.504
[1, 12500] loss: 1.474
[2,  1250] loss: 1.456
[2,  2500] loss: 1.449
[2,  3750] loss: 1.417
[2,  5000] loss: 1.440
[2,  6250] loss: 1.405
[2,  7500] loss: 1.406
[2,  8750] loss: 1.370
[2, 10000] loss: 1.392
[2, 11250] loss: 1.409
[2, 12500] loss: 1.359
CPU Finished Training
1946.669 seconds passed
