/python/anaconda3/envs/cudapytorch/bin/python
Files already downloaded and verified
  dog   cat horse  bird
cuda:0
[1,  1250] loss: 2.083
[1,  2500] loss: 1.868
[1,  3750] loss: 1.823
[1,  5000] loss: 1.777
[1,  6250] loss: 1.751
[1,  7500] loss: 1.741
[1,  8750] loss: 1.701
[1, 10000] loss: 1.722
[1, 11250] loss: 1.689
[1, 12500] loss: 1.675
[2,  1250] loss: 1.635
[2,  2500] loss: 1.635
[2,  3750] loss: 1.636
[2,  5000] loss: 1.631
[2,  6250] loss: 1.625
[2,  7500] loss: 1.601
[2,  8750] loss: 1.613
[2, 10000] loss: 1.606
[2, 11250] loss: 1.618
[2, 12500] loss: 1.598
GPU Finished Training
247.944 seconds passed
