/python/anaconda3/envs/cudapytorch/bin/python
Files already downloaded and verified
 frog   car  frog   dog
cuda:0
[1,   125] loss: 2.254
[1,   250] loss: 2.009
[1,   375] loss: 1.856
[1,   500] loss: 1.767
[1,   625] loss: 1.683
[1,   750] loss: 1.660
[1,   875] loss: 1.594
[1,  1000] loss: 1.571
[1,  1125] loss: 1.537
[1,  1250] loss: 1.546
[2,   125] loss: 1.485
[2,   250] loss: 1.446
[2,   375] loss: 1.434
[2,   500] loss: 1.430
[2,   625] loss: 1.442
[2,   750] loss: 1.412
[2,   875] loss: 1.383
[2,  1000] loss: 1.401
[2,  1125] loss: 1.373
[2,  1250] loss: 1.362
GPU Finished Training
178.876 seconds passed
